  Application.cpp
  Crazy_Green.cpp
  Enemy.cpp
  Globals.cpp
  Main.cpp
Main.cpp(29): warning C4244: 'argument': conversion from 'time_t' to 'unsigned int', possible loss of data
  ModuleAudio.cpp
  ModuleCinematic.cpp
ModuleCinematic.cpp(156): warning C4804: '<': unsafe use of type 'bool' in operation
  ModuleCollision.cpp
  ModuleEnemies.cpp
  ModuleFadeToBlack.cpp
  ModuleFonts.cpp
ModuleFonts.cpp(55): warning C4018: '<': signed/unsigned mismatch
ModuleFonts.cpp(125): warning C4018: '<': signed/unsigned mismatch
  ModuleInput.cpp
  ModuleMenu.cpp
  ModuleParticles.cpp
  ModuleParticlesEnemies.cpp
ModuleParticlesEnemies.cpp(88): warning C4244: 'argument': conversion from 'float' to 'int', possible loss of data
ModuleParticlesEnemies.cpp(110): warning C4244: '=': conversion from 'int' to 'float', possible loss of data
ModuleParticlesEnemies.cpp(111): warning C4244: '=': conversion from 'int' to 'float', possible loss of data
ModuleParticlesEnemies.cpp(130): warning C4244: 'argument': conversion from 'float' to 'int', possible loss of data
ModuleParticlesEnemies.cpp(167): warning C4244: 'argument': conversion from 'float' to 'int', possible loss of data
ModuleParticlesEnemies.cpp(171): warning C4244: 'argument': conversion from 'float' to 'int', possible loss of data
ModuleParticlesEnemies.cpp(186): warning C4244: 'argument': conversion from 'float' to 'int', possible loss of data
  ModuleParticlesGrenade.cpp
ModuleParticlesGrenade.cpp(19): warning C4305: '=': truncation from 'double' to 'float'
  ModuleParticlesGrenade1.cpp
ModuleParticlesGrenade1.cpp(19): warning C4305: '=': truncation from 'double' to 'float'
ModuleParticlesGrenade1.cpp(23): warning C4305: '=': truncation from 'double' to 'float'
  ModulePlayer.cpp
ModulePlayer.cpp(59): warning C4305: '=': truncation from 'double' to 'float'
ModulePlayer.cpp(64): warning C4305: '=': truncation from 'double' to 'float'
  ModuleRender.cpp
  ModuleSaveData.cpp
ModuleSaveData.cpp(37): warning C4018: '<': signed/unsigned mismatch
ModuleSaveData.cpp(39): warning C4018: '<': signed/unsigned mismatch
  Compiling...
  ModuleScene1.cpp
  ModuleTextures.cpp
  ModuleUI.cpp
ModuleUI.cpp(35): warning C4305: '=': truncation from 'double' to 'float'
  ModuleWindow.cpp
  Prisoner.cpp
  PrisonerPoints.cpp
  Soldier.cpp
Soldier.cpp(231): warning C4244: '=': conversion from 'int' to 'float', possible loss of data
Soldier.cpp(232): warning C4244: '=': conversion from 'int' to 'float', possible loss of data
Soldier.cpp(234): warning C4244: '=': conversion from 'double' to 'float', possible loss of data
  SoldierPrisoner.cpp
  Soldier_Grenade.cpp
Soldier_Grenade.cpp(47): warning C4244: '=': conversion from 'int' to 'float', possible loss of data
Soldier_Grenade.cpp(48): warning C4244: '=': conversion from 'int' to 'float', possible loss of data
Soldier_Grenade.cpp(50): warning C4244: '=': conversion from 'double' to 'float', possible loss of data
  Soldier_Knife.cpp
  Soldier_Rifle.cpp
Soldier_Rifle.cpp(75): warning C4244: '=': conversion from 'int' to 'float', possible loss of data
Soldier_Rifle.cpp(76): warning C4244: '=': conversion from 'int' to 'float', possible loss of data
Soldier_Rifle.cpp(78): warning C4244: '=': conversion from 'double' to 'float', possible loss of data
  Soldier_Shield.cpp
  Generating code
  306 of 309 functions (99.0%) were compiled, the rest were copied from previous compilation.
    0 functions were new in current compilation
    0 functions had inline decision re-evaluated but remain unchanged
  Finished generating code
  SDL Game.vcxproj -> C:\Users\guillemcm3\Desktop\Commando v0.48+enemies\Release\SDL5 Handout.exe
  SDL Game.vcxproj -> C:\Users\guillemcm3\Desktop\Commando v0.48+enemies\Release\SDL5 Handout.pdb (Full PDB)
