  ModuleUI.cpp
  ModuleScene1.cpp
  ModulePlayer.cpp
c:\users\aleixca1\desktop\gets-name-\game versions\commando v0.47\moduleplayer.cpp(59): warning C4305: '=': truncation from 'double' to 'float'
c:\users\aleixca1\desktop\gets-name-\game versions\commando v0.47\moduleplayer.cpp(64): warning C4305: '=': truncation from 'double' to 'float'
  ModuleMenu.cpp
  ModuleFonts.cpp
c:\users\aleixca1\desktop\gets-name-\game versions\commando v0.47\modulefonts.cpp(55): warning C4018: '<': signed/unsigned mismatch
c:\users\aleixca1\desktop\gets-name-\game versions\commando v0.47\modulefonts.cpp(125): warning C4018: '<': signed/unsigned mismatch
  Application.cpp
  Generating Code...
  Compiling...
  ModuleEnemies.cpp
  Generating Code...
  Skipping... (no relevant changes detected)
  ModuleRender.cpp
  ModuleFadeToBlack.cpp
  ModuleCinematic.cpp
  ModuleAudio.cpp
  LINK : C:\Users\aleixca1\Desktop\gets-name-\Game versions\Commando v0.47\Debug\SDL5 Handout.exe not found or not built by the last incremental link; performing full link
  SDL Game.vcxproj -> C:\Users\aleixca1\Desktop\gets-name-\Game versions\Commando v0.47\Debug\SDL5 Handout.exe
  SDL Game.vcxproj -> C:\Users\aleixca1\Desktop\gets-name-\Game versions\Commando v0.47\Debug\SDL5 Handout.pdb (Full PDB)
