  Application.cpp
C:\Program Files (x86)\Microsoft Visual Studio 14.0\VC\include\xlocale(341): warning C4530: C++ exception handler used, but unwind semantics are not enabled. Specify /EHsc
C:\Program Files (x86)\Microsoft Visual Studio 14.0\VC\include\exception(359): warning C4577: 'noexcept' used with no exception handling mode specified; termination on exception is not guaranteed. Specify /EHsc
  Crazy_Green.cpp
Crazy_Green.cpp(48): warning C4244: '=': conversion from 'int' to 'float', possible loss of data
Crazy_Green.cpp(49): warning C4244: '=': conversion from 'int' to 'float', possible loss of data
  Enemy.cpp
Enemy.cpp(8): warning C4244: 'argument': conversion from 'int' to 'const float', possible loss of data
Enemy.cpp(24): warning C4244: 'argument': conversion from 'float' to 'int', possible loss of data
Enemy.cpp(27): warning C4244: 'argument': conversion from 'float' to 'int', possible loss of data
Enemy.cpp(32): warning C4244: 'argument': conversion from 'float' to 'int', possible loss of data
  GrenadesB.cpp
  ItemsEnemies.cpp
  ItemsEnemies2.cpp
  Main.cpp
Main.cpp(29): warning C4244: 'argument': conversion from 'time_t' to 'unsigned int', possible loss of data
  ModuleAudio.cpp
  ModuleCinematic.cpp
ModuleCinematic.cpp(154): warning C4804: '<': unsafe use of type 'bool' in operation
  ModuleCinematicRadio.cpp
ModuleCinematicRadio.cpp(117): warning C4244: 'argument': conversion from 'float' to 'int', possible loss of data
ModuleCinematicRadio.cpp(125): warning C4244: 'argument': conversion from 'float' to 'int', possible loss of data
ModuleCinematicRadio.cpp(132): warning C4244: 'argument': conversion from 'float' to 'int', possible loss of data
ModuleCinematicRadio.cpp(143): warning C4804: '<': unsafe use of type 'bool' in operation
ModuleCinematicRadio.cpp(187): warning C4244: 'argument': conversion from 'float' to 'int', possible loss of data
ModuleCinematicRadio.cpp(200): warning C4244: 'argument': conversion from 'float' to 'int', possible loss of data
  ModuleCollision.cpp
  ModuleEnding.cpp
  ModuleEndinglvl1.cpp
C:\Program Files (x86)\Microsoft Visual Studio 14.0\VC\include\xlocale(341): warning C4530: C++ exception handler used, but unwind semantics are not enabled. Specify /EHsc
C:\Program Files (x86)\Microsoft Visual Studio 14.0\VC\include\exception(359): warning C4577: 'noexcept' used with no exception handling mode specified; termination on exception is not guaranteed. Specify /EHsc
  ModuleEnemies.cpp
  ModuleFadeToBlack.cpp
  ModuleFonts.cpp
ModuleFonts.cpp(55): warning C4018: '<': signed/unsigned mismatch
ModuleFonts.cpp(125): warning C4018: '<': signed/unsigned mismatch
  ModuleInput.cpp
  ModuleMenu.cpp
C:\Program Files (x86)\Microsoft Visual Studio 14.0\VC\include\xlocale(341): warning C4530: C++ exception handler used, but unwind semantics are not enabled. Specify /EHsc
C:\Program Files (x86)\Microsoft Visual Studio 14.0\VC\include\exception(359): warning C4577: 'noexcept' used with no exception handling mode specified; termination on exception is not guaranteed. Specify /EHsc
  ModuleParticles.cpp
  ModuleParticlesEnemies.cpp
ModuleParticlesEnemies.cpp(88): warning C4244: 'argument': conversion from 'float' to 'int', possible loss of data
ModuleParticlesEnemies.cpp(110): warning C4244: '=': conversion from 'int' to 'float', possible loss of data
ModuleParticlesEnemies.cpp(111): warning C4244: '=': conversion from 'int' to 'float', possible loss of data
ModuleParticlesEnemies.cpp(130): warning C4244: 'argument': conversion from 'float' to 'int', possible loss of data
ModuleParticlesEnemies.cpp(167): warning C4244: 'argument': conversion from 'float' to 'int', possible loss of data
ModuleParticlesEnemies.cpp(171): warning C4244: 'argument': conversion from 'float' to 'int', possible loss of data
ModuleParticlesEnemies.cpp(186): warning C4244: 'argument': conversion from 'float' to 'int', possible loss of data
  Compiling...
  ModuleParticlesGrenade.cpp
ModuleParticlesGrenade.cpp(19): warning C4305: '=': truncation from 'double' to 'float'
ModuleParticlesGrenade.cpp(23): warning C4305: '=': truncation from 'double' to 'float'
  ModuleParticlesGrenade1.cpp
ModuleParticlesGrenade1.cpp(19): warning C4305: '=': truncation from 'double' to 'float'
ModuleParticlesGrenade1.cpp(23): warning C4305: '=': truncation from 'double' to 'float'
ModuleParticlesGrenade1.cpp(27): warning C4305: '=': truncation from 'double' to 'float'
  ModulePlayer.cpp
ModulePlayer.cpp(69): warning C4305: '=': truncation from 'double' to 'float'
ModulePlayer.cpp(74): warning C4305: '=': truncation from 'double' to 'float'
  ModulePlayer2.cpp
ModulePlayer2.cpp(68): warning C4305: '=': truncation from 'double' to 'float'
ModulePlayer2.cpp(73): warning C4305: '=': truncation from 'double' to 'float'
ModulePlayer2.cpp(564): warning C4553: '==': operator has no effect; did you intend '='?
ModulePlayer2.cpp(566): warning C4553: '==': operator has no effect; did you intend '='?
  ModuleRender.cpp
  ModuleSaveData.cpp
C:\Program Files (x86)\Microsoft Visual Studio 14.0\VC\include\xlocale(341): warning C4530: C++ exception handler used, but unwind semantics are not enabled. Specify /EHsc
ModuleSaveData.cpp(44): warning C4018: '<': signed/unsigned mismatch
C:\Program Files (x86)\Microsoft Visual Studio 14.0\VC\include\exception(359): warning C4577: 'noexcept' used with no exception handling mode specified; termination on exception is not guaranteed. Specify /EHsc
  ModuleScene1.cpp
C:\Program Files (x86)\Microsoft Visual Studio 14.0\VC\include\xlocale(341): warning C4530: C++ exception handler used, but unwind semantics are not enabled. Specify /EHsc
C:\Program Files (x86)\Microsoft Visual Studio 14.0\VC\include\exception(359): warning C4577: 'noexcept' used with no exception handling mode specified; termination on exception is not guaranteed. Specify /EHsc
  ModuleSecretRoom1A.cpp
  ModuleSecretRoomB.cpp
  ModuleSecretRoomC.cpp
  ModuleSecretRoomD.cpp
  ModuleSecretRoomE.cpp
  ModuleTextures.cpp
  ModuleUI.cpp
C:\Program Files (x86)\Microsoft Visual Studio 14.0\VC\include\xlocale(341): warning C4530: C++ exception handler used, but unwind semantics are not enabled. Specify /EHsc
ModuleUI.cpp(41): warning C4305: '=': truncation from 'double' to 'float'
C:\Program Files (x86)\Microsoft Visual Studio 14.0\VC\include\exception(359): warning C4577: 'noexcept' used with no exception handling mode specified; termination on exception is not guaranteed. Specify /EHsc
  ModuleWindow.cpp
  Prisoner.cpp
  PrisonerPoints.cpp
  Soldier.cpp
Soldier.cpp(122): warning C4244: '=': conversion from 'int' to 'float', possible loss of data
Soldier.cpp(123): warning C4244: '=': conversion from 'int' to 'float', possible loss of data
Soldier.cpp(142): warning C4244: '=': conversion from 'double' to 'float', possible loss of data
Soldier.cpp(146): warning C4244: '=': conversion from 'double' to 'float', possible loss of data
Soldier.cpp(149): warning C4244: '=': conversion from 'double' to 'float', possible loss of data
Soldier.cpp(154): warning C4244: '+=': conversion from 'double' to 'float', possible loss of data
Soldier.cpp(155): warning C4244: '+=': conversion from 'double' to 'float', possible loss of data
Soldier.cpp(297): warning C4244: '=': conversion from 'double' to 'float', possible loss of data
Soldier.cpp(301): warning C4244: '=': conversion from 'double' to 'float', possible loss of data
Soldier.cpp(304): warning C4244: '=': conversion from 'double' to 'float', possible loss of data
Soldier.cpp(309): warning C4244: '+=': conversion from 'double' to 'float', possible loss of data
Soldier.cpp(310): warning C4244: '+=': conversion from 'double' to 'float', possible loss of data
Soldier.cpp(413): warning C4244: '=': conversion from 'double' to 'float', possible loss of data
Soldier.cpp(417): warning C4244: '=': conversion from 'double' to 'float', possible loss of data
Soldier.cpp(420): warning C4244: '=': conversion from 'double' to 'float', possible loss of data
Soldier.cpp(433): warning C4244: 'argument': conversion from 'float' to 'int', possible loss of data
Soldier.cpp(474): warning C4244: '=': conversion from 'double' to 'float', possible loss of data
Soldier.cpp(478): warning C4244: '=': conversion from 'double' to 'float', possible loss of data
Soldier.cpp(481): warning C4244: '=': conversion from 'double' to 'float', possible loss of data
Soldier.cpp(486): warning C4244: '+=': conversion from 'double' to 'float', possible loss of data
Soldier.cpp(487): warning C4244: '+=': conversion from 'double' to 'float', possible loss of data
Soldier.cpp(629): warning C4244: '=': conversion from 'double' to 'float', possible loss of data
Soldier.cpp(633): warning C4244: '=': conversion from 'double' to 'float', possible loss of data
Soldier.cpp(636): warning C4244: '=': conversion from 'double' to 'float', possible loss of data
Soldier.cpp(641): warning C4244: '+=': conversion from 'double' to 'float', possible loss of data
Soldier.cpp(642): warning C4244: '+=': conversion from 'double' to 'float', possible loss of data
Soldier.cpp(745): warning C4244: '=': conversion from 'double' to 'float', possible loss of data
Soldier.cpp(749): warning C4244: '=': conversion from 'double' to 'float', possible loss of data
Soldier.cpp(752): warning C4244: '=': conversion from 'double' to 'float', possible loss of data
Soldier.cpp(765): warning C4244: 'argument': conversion from 'float' to 'int', possible loss of data
  SoldierPath1.cpp
SoldierPath1.cpp(83): warning C4244: '=': conversion from 'int' to 'float', possible loss of data
SoldierPath1.cpp(84): warning C4244: '=': conversion from 'int' to 'float', possible loss of data
SoldierPath1.cpp(101): warning C4244: '=': conversion from 'double' to 'float', possible loss of data
SoldierPath1.cpp(105): warning C4244: '=': conversion from 'double' to 'float', possible loss of data
SoldierPath1.cpp(108): warning C4244: '=': conversion from 'double' to 'float', possible loss of data
SoldierPath1.cpp(113): warning C4244: '+=': conversion from 'double' to 'float', possible loss of data
SoldierPath1.cpp(114): warning C4244: '+=': conversion from 'double' to 'float', possible loss of data
SoldierPath1.cpp(179): warning C4244: '=': conversion from 'double' to 'float', possible loss of data
SoldierPath1.cpp(183): warning C4244: '=': conversion from 'double' to 'float', possible loss of data
SoldierPath1.cpp(186): warning C4244: '=': conversion from 'double' to 'float', possible loss of data
SoldierPath1.cpp(191): warning C4244: '+=': conversion from 'double' to 'float', possible loss of data
SoldierPath1.cpp(192): warning C4244: '+=': conversion from 'double' to 'float', possible loss of data
SoldierPath1.cpp(284): warning C4244: '=': conversion from 'double' to 'float', possible loss of data
SoldierPath1.cpp(286): warning C4244: '=': conversion from 'double' to 'float', possible loss of data
SoldierPath1.cpp(294): warning C4244: 'argument': conversion from 'float' to 'int', possible loss of data
  SoldierPath2.cpp
SoldierPath2.cpp(192): warning C4244: '=': conversion from 'int' to 'float', possible loss of data
SoldierPath2.cpp(193): warning C4244: '=': conversion from 'int' to 'float', possible loss of data
SoldierPath2.cpp(277): warning C4244: '=': conversion from 'double' to 'float', possible loss of data
SoldierPath2.cpp(279): warning C4244: '=': conversion from 'double' to 'float', possible loss of data
SoldierPath2.cpp(287): warning C4244: 'argument': conversion from 'float' to 'int', possible loss of data
SoldierPath2.cpp(306): warning C4244: '=': conversion from 'double' to 'float', possible loss of data
SoldierPath2.cpp(308): warning C4244: '=': conversion from 'double' to 'float', possible loss of data
SoldierPath2.cpp(316): warning C4244: 'argument': conversion from 'float' to 'int', possible loss of data
  Compiling...
  SoldierPath3.cpp
SoldierPath3.cpp(167): warning C4244: '=': conversion from 'int' to 'float', possible loss of data
SoldierPath3.cpp(168): warning C4244: '=': conversion from 'int' to 'float', possible loss of data
SoldierPath3.cpp(237): warning C4244: '=': conversion from 'double' to 'float', possible loss of data
SoldierPath3.cpp(239): warning C4244: '=': conversion from 'double' to 'float', possible loss of data
SoldierPath3.cpp(247): warning C4244: 'argument': conversion from 'float' to 'int', possible loss of data
SoldierPath3.cpp(264): warning C4244: '=': conversion from 'double' to 'float', possible loss of data
SoldierPath3.cpp(266): warning C4244: '=': conversion from 'double' to 'float', possible loss of data
SoldierPath3.cpp(274): warning C4244: 'argument': conversion from 'float' to 'int', possible loss of data
  SoldierPrisoner.cpp
  Soldier_Grenade.cpp
Soldier_Grenade.cpp(71): warning C4244: '=': conversion from 'double' to 'float', possible loss of data
Soldier_Grenade.cpp(73): warning C4244: '=': conversion from 'double' to 'float', possible loss of data
Soldier_Grenade.cpp(81): warning C4244: 'argument': conversion from 'float' to 'int', possible loss of data
Soldier_Grenade.cpp(100): warning C4305: '-=': truncation from 'double' to 'float'
Soldier_Grenade.cpp(105): warning C4305: '+=': truncation from 'double' to 'float'
Soldier_Grenade.cpp(144): warning C4244: '=': conversion from 'double' to 'float', possible loss of data
Soldier_Grenade.cpp(146): warning C4244: '=': conversion from 'double' to 'float', possible loss of data
Soldier_Grenade.cpp(154): warning C4244: 'argument': conversion from 'float' to 'int', possible loss of data
Soldier_Grenade.cpp(173): warning C4305: '-=': truncation from 'double' to 'float'
Soldier_Grenade.cpp(178): warning C4305: '+=': truncation from 'double' to 'float'
Soldier_Grenade.cpp(202): warning C4244: '=': conversion from 'float' to 'int', possible loss of data
Soldier_Grenade.cpp(203): warning C4244: '=': conversion from 'float' to 'int', possible loss of data
  Soldier_Knife.cpp
Soldier_Knife.cpp(78): warning C4244: '=': conversion from 'int' to 'float', possible loss of data
Soldier_Knife.cpp(79): warning C4244: '=': conversion from 'int' to 'float', possible loss of data
  Soldier_Rifle.cpp
Soldier_Rifle.cpp(84): warning C4244: '=': conversion from 'double' to 'float', possible loss of data
Soldier_Rifle.cpp(86): warning C4244: '=': conversion from 'double' to 'float', possible loss of data
Soldier_Rifle.cpp(94): warning C4244: 'argument': conversion from 'float' to 'int', possible loss of data
Soldier_Rifle.cpp(109): warning C4305: '-=': truncation from 'double' to 'float'
Soldier_Rifle.cpp(114): warning C4305: '+=': truncation from 'double' to 'float'
Soldier_Rifle.cpp(159): warning C4244: '=': conversion from 'double' to 'float', possible loss of data
Soldier_Rifle.cpp(161): warning C4244: '=': conversion from 'double' to 'float', possible loss of data
Soldier_Rifle.cpp(169): warning C4244: 'argument': conversion from 'float' to 'int', possible loss of data
Soldier_Rifle.cpp(184): warning C4305: '-=': truncation from 'double' to 'float'
Soldier_Rifle.cpp(189): warning C4305: '+=': truncation from 'double' to 'float'
Soldier_Rifle.cpp(210): warning C4244: '=': conversion from 'float' to 'int', possible loss of data
Soldier_Rifle.cpp(211): warning C4244: '=': conversion from 'float' to 'int', possible loss of data
  Soldier_Shield.cpp
  Generating code
  2 of 568 functions ( 0.4%) were compiled, the rest were copied from previous compilation.
    0 functions were new in current compilation
    0 functions had inline decision re-evaluated but remain unchanged
  Finished generating code
  SDL Game.vcxproj -> C:\Users\disob\Desktop\Commando 0.9\Release\SDL5 Handout.exe
  SDL Game.vcxproj -> C:\Users\disob\Desktop\Commando 0.9\Release\SDL5 Handout.pdb (Full PDB)
