  Soldier_Rifle.cpp
c:\users\sandraag3\documents\github\gets-name-\game versions\0.7\soldier_rifle.cpp(80): warning C4244: '=': conversion from 'double' to 'float', possible loss of data
c:\users\sandraag3\documents\github\gets-name-\game versions\0.7\soldier_rifle.cpp(82): warning C4244: '=': conversion from 'double' to 'float', possible loss of data
c:\users\sandraag3\documents\github\gets-name-\game versions\0.7\soldier_rifle.cpp(90): warning C4244: 'argument': conversion from 'float' to 'int', possible loss of data
c:\users\sandraag3\documents\github\gets-name-\game versions\0.7\soldier_rifle.cpp(105): warning C4305: '-=': truncation from 'double' to 'float'
c:\users\sandraag3\documents\github\gets-name-\game versions\0.7\soldier_rifle.cpp(110): warning C4305: '+=': truncation from 'double' to 'float'
c:\users\sandraag3\documents\github\gets-name-\game versions\0.7\soldier_rifle.cpp(129): warning C4244: '=': conversion from 'float' to 'int', possible loss of data
c:\users\sandraag3\documents\github\gets-name-\game versions\0.7\soldier_rifle.cpp(130): warning C4244: '=': conversion from 'float' to 'int', possible loss of data
  Soldier_Grenade.cpp
c:\users\sandraag3\documents\github\gets-name-\game versions\0.7\soldier_grenade.cpp(68): warning C4244: '=': conversion from 'double' to 'float', possible loss of data
c:\users\sandraag3\documents\github\gets-name-\game versions\0.7\soldier_grenade.cpp(70): warning C4244: '=': conversion from 'double' to 'float', possible loss of data
c:\users\sandraag3\documents\github\gets-name-\game versions\0.7\soldier_grenade.cpp(78): warning C4244: 'argument': conversion from 'float' to 'int', possible loss of data
c:\users\sandraag3\documents\github\gets-name-\game versions\0.7\soldier_grenade.cpp(97): warning C4305: '-=': truncation from 'double' to 'float'
c:\users\sandraag3\documents\github\gets-name-\game versions\0.7\soldier_grenade.cpp(102): warning C4305: '+=': truncation from 'double' to 'float'
c:\users\sandraag3\documents\github\gets-name-\game versions\0.7\soldier_grenade.cpp(124): warning C4244: '=': conversion from 'float' to 'int', possible loss of data
c:\users\sandraag3\documents\github\gets-name-\game versions\0.7\soldier_grenade.cpp(125): warning C4244: '=': conversion from 'float' to 'int', possible loss of data
  SoldierPrisoner.cpp
  SoldierPath3.cpp
c:\users\sandraag3\documents\github\gets-name-\game versions\0.7\soldierpath3.cpp(268): warning C4244: '=': conversion from 'int' to 'float', possible loss of data
c:\users\sandraag3\documents\github\gets-name-\game versions\0.7\soldierpath3.cpp(269): warning C4244: '=': conversion from 'int' to 'float', possible loss of data
c:\users\sandraag3\documents\github\gets-name-\game versions\0.7\soldierpath3.cpp(337): warning C4244: '=': conversion from 'double' to 'float', possible loss of data
c:\users\sandraag3\documents\github\gets-name-\game versions\0.7\soldierpath3.cpp(339): warning C4244: '=': conversion from 'double' to 'float', possible loss of data
c:\users\sandraag3\documents\github\gets-name-\game versions\0.7\soldierpath3.cpp(347): warning C4244: 'argument': conversion from 'float' to 'int', possible loss of data
  SoldierPath2.cpp
c:\users\sandraag3\documents\github\gets-name-\game versions\0.7\soldierpath2.cpp(190): warning C4244: '=': conversion from 'int' to 'float', possible loss of data
c:\users\sandraag3\documents\github\gets-name-\game versions\0.7\soldierpath2.cpp(191): warning C4244: '=': conversion from 'int' to 'float', possible loss of data
c:\users\sandraag3\documents\github\gets-name-\game versions\0.7\soldierpath2.cpp(273): warning C4244: '=': conversion from 'double' to 'float', possible loss of data
c:\users\sandraag3\documents\github\gets-name-\game versions\0.7\soldierpath2.cpp(275): warning C4244: '=': conversion from 'double' to 'float', possible loss of data
c:\users\sandraag3\documents\github\gets-name-\game versions\0.7\soldierpath2.cpp(283): warning C4244: 'argument': conversion from 'float' to 'int', possible loss of data
  SoldierPath1.cpp
c:\users\sandraag3\documents\github\gets-name-\game versions\0.7\soldierpath1.cpp(83): warning C4244: '=': conversion from 'int' to 'float', possible loss of data
c:\users\sandraag3\documents\github\gets-name-\game versions\0.7\soldierpath1.cpp(84): warning C4244: '=': conversion from 'int' to 'float', possible loss of data
c:\users\sandraag3\documents\github\gets-name-\game versions\0.7\soldierpath1.cpp(101): warning C4244: '=': conversion from 'double' to 'float', possible loss of data
c:\users\sandraag3\documents\github\gets-name-\game versions\0.7\soldierpath1.cpp(105): warning C4244: '=': conversion from 'double' to 'float', possible loss of data
c:\users\sandraag3\documents\github\gets-name-\game versions\0.7\soldierpath1.cpp(108): warning C4244: '=': conversion from 'double' to 'float', possible loss of data
c:\users\sandraag3\documents\github\gets-name-\game versions\0.7\soldierpath1.cpp(113): warning C4244: '+=': conversion from 'double' to 'float', possible loss of data
c:\users\sandraag3\documents\github\gets-name-\game versions\0.7\soldierpath1.cpp(114): warning C4244: '+=': conversion from 'double' to 'float', possible loss of data
c:\users\sandraag3\documents\github\gets-name-\game versions\0.7\soldierpath1.cpp(179): warning C4244: '=': conversion from 'double' to 'float', possible loss of data
c:\users\sandraag3\documents\github\gets-name-\game versions\0.7\soldierpath1.cpp(183): warning C4244: '=': conversion from 'double' to 'float', possible loss of data
c:\users\sandraag3\documents\github\gets-name-\game versions\0.7\soldierpath1.cpp(186): warning C4244: '=': conversion from 'double' to 'float', possible loss of data
c:\users\sandraag3\documents\github\gets-name-\game versions\0.7\soldierpath1.cpp(191): warning C4244: '+=': conversion from 'double' to 'float', possible loss of data
c:\users\sandraag3\documents\github\gets-name-\game versions\0.7\soldierpath1.cpp(192): warning C4244: '+=': conversion from 'double' to 'float', possible loss of data
c:\users\sandraag3\documents\github\gets-name-\game versions\0.7\soldierpath1.cpp(284): warning C4244: '=': conversion from 'double' to 'float', possible loss of data
c:\users\sandraag3\documents\github\gets-name-\game versions\0.7\soldierpath1.cpp(286): warning C4244: '=': conversion from 'double' to 'float', possible loss of data
c:\users\sandraag3\documents\github\gets-name-\game versions\0.7\soldierpath1.cpp(294): warning C4244: 'argument': conversion from 'float' to 'int', possible loss of data
  Soldier.cpp
c:\users\sandraag3\documents\github\gets-name-\game versions\0.7\soldier.cpp(120): warning C4244: '=': conversion from 'int' to 'float', possible loss of data
c:\users\sandraag3\documents\github\gets-name-\game versions\0.7\soldier.cpp(121): warning C4244: '=': conversion from 'int' to 'float', possible loss of data
c:\users\sandraag3\documents\github\gets-name-\game versions\0.7\soldier.cpp(138): warning C4244: '=': conversion from 'double' to 'float', possible loss of data
c:\users\sandraag3\documents\github\gets-name-\game versions\0.7\soldier.cpp(142): warning C4244: '=': conversion from 'double' to 'float', possible loss of data
c:\users\sandraag3\documents\github\gets-name-\game versions\0.7\soldier.cpp(145): warning C4244: '=': conversion from 'double' to 'float', possible loss of data
c:\users\sandraag3\documents\github\gets-name-\game versions\0.7\soldier.cpp(150): warning C4244: '+=': conversion from 'double' to 'float', possible loss of data
c:\users\sandraag3\documents\github\gets-name-\game versions\0.7\soldier.cpp(151): warning C4244: '+=': conversion from 'double' to 'float', possible loss of data
c:\users\sandraag3\documents\github\gets-name-\game versions\0.7\soldier.cpp(293): warning C4244: '=': conversion from 'double' to 'float', possible loss of data
c:\users\sandraag3\documents\github\gets-name-\game versions\0.7\soldier.cpp(297): warning C4244: '=': conversion from 'double' to 'float', possible loss of data
c:\users\sandraag3\documents\github\gets-name-\game versions\0.7\soldier.cpp(300): warning C4244: '=': conversion from 'double' to 'float', possible loss of data
c:\users\sandraag3\documents\github\gets-name-\game versions\0.7\soldier.cpp(305): warning C4244: '+=': conversion from 'double' to 'float', possible loss of data
c:\users\sandraag3\documents\github\gets-name-\game versions\0.7\soldier.cpp(306): warning C4244: '+=': conversion from 'double' to 'float', possible loss of data
c:\users\sandraag3\documents\github\gets-name-\game versions\0.7\soldier.cpp(409): warning C4244: '=': conversion from 'double' to 'float', possible loss of data
c:\users\sandraag3\documents\github\gets-name-\game versions\0.7\soldier.cpp(413): warning C4244: '=': conversion from 'double' to 'float', possible loss of data
c:\users\sandraag3\documents\github\gets-name-\game versions\0.7\soldier.cpp(416): warning C4244: '=': conversion from 'double' to 'float', possible loss of data
c:\users\sandraag3\documents\github\gets-name-\game versions\0.7\soldier.cpp(429): warning C4244: 'argument': conversion from 'float' to 'int', possible loss of data
  PrisonerPoints.cpp
  ModuleSecretRoomE.cpp
  ModuleSecretRoomD.cpp
  ModuleSecretRoomC.cpp
  ModuleSecretRoomB.cpp
  ModuleSecretRoom1A.cpp
  ModuleScene1.cpp
c:\program files (x86)\microsoft visual studio 14.0\vc\include\xlocale(341): warning C4530: C++ exception handler used, but unwind semantics are not enabled. Specify /EHsc
c:\program files (x86)\microsoft visual studio 14.0\vc\include\exception(359): warning C4577: 'noexcept' used with no exception handling mode specified; termination on exception is not guaranteed. Specify /EHsc
  ModulePlayer.cpp
c:\users\sandraag3\documents\github\gets-name-\game versions\0.7\moduleplayer.cpp(69): warning C4305: '=': truncation from 'double' to 'float'
c:\users\sandraag3\documents\github\gets-name-\game versions\0.7\moduleplayer.cpp(74): warning C4305: '=': truncation from 'double' to 'float'
  ModuleMenu.cpp
c:\program files (x86)\microsoft visual studio 14.0\vc\include\xlocale(341): warning C4530: C++ exception handler used, but unwind semantics are not enabled. Specify /EHsc
c:\program files (x86)\microsoft visual studio 14.0\vc\include\exception(359): warning C4577: 'noexcept' used with no exception handling mode specified; termination on exception is not guaranteed. Specify /EHsc
  ModuleEnemies.cpp
  ModuleEndinglvl1.cpp
c:\program files (x86)\microsoft visual studio 14.0\vc\include\xlocale(341): warning C4530: C++ exception handler used, but unwind semantics are not enabled. Specify /EHsc
c:\program files (x86)\microsoft visual studio 14.0\vc\include\exception(359): warning C4577: 'noexcept' used with no exception handling mode specified; termination on exception is not guaranteed. Specify /EHsc
  ModuleEnding.cpp
  Application.cpp
c:\program files (x86)\microsoft visual studio 14.0\vc\include\xlocale(341): warning C4530: C++ exception handler used, but unwind semantics are not enabled. Specify /EHsc
c:\program files (x86)\microsoft visual studio 14.0\vc\include\exception(359): warning C4577: 'noexcept' used with no exception handling mode specified; termination on exception is not guaranteed. Specify /EHsc
  Generating Code...
  Skipping... (no relevant changes detected)
  GrenadesB.cpp
  Enemy.cpp
  Crazy_Green.cpp
  SDL Game.vcxproj -> C:\Users\sandraag3\Documents\GitHub\gets-name-\Game versions\0.7\Debug\SDL5 Handout.exe
  SDL Game.vcxproj -> C:\Users\sandraag3\Documents\GitHub\gets-name-\Game versions\0.7\Debug\SDL5 Handout.pdb (Full PDB)
