  Soldier_Shield.cpp
  Soldier_Rifle.cpp
c:\users\guillemcm3\desktop\commando v0.48+enemies\soldier_rifle.cpp(75): warning C4244: '=': conversion from 'int' to 'float', possible loss of data
c:\users\guillemcm3\desktop\commando v0.48+enemies\soldier_rifle.cpp(76): warning C4244: '=': conversion from 'int' to 'float', possible loss of data
c:\users\guillemcm3\desktop\commando v0.48+enemies\soldier_rifle.cpp(78): warning C4244: '=': conversion from 'double' to 'float', possible loss of data
  Soldier_Knife.cpp
  Soldier_Grenade.cpp
c:\users\guillemcm3\desktop\commando v0.48+enemies\soldier_grenade.cpp(47): warning C4244: '=': conversion from 'int' to 'float', possible loss of data
c:\users\guillemcm3\desktop\commando v0.48+enemies\soldier_grenade.cpp(48): warning C4244: '=': conversion from 'int' to 'float', possible loss of data
c:\users\guillemcm3\desktop\commando v0.48+enemies\soldier_grenade.cpp(50): warning C4244: '=': conversion from 'double' to 'float', possible loss of data
  SoldierPrisoner.cpp
  Soldier.cpp
c:\users\guillemcm3\desktop\commando v0.48+enemies\soldier.cpp(231): warning C4244: '=': conversion from 'int' to 'float', possible loss of data
c:\users\guillemcm3\desktop\commando v0.48+enemies\soldier.cpp(232): warning C4244: '=': conversion from 'int' to 'float', possible loss of data
c:\users\guillemcm3\desktop\commando v0.48+enemies\soldier.cpp(234): warning C4244: '=': conversion from 'double' to 'float', possible loss of data
  PrisonerPoints.cpp
  Prisoner.cpp
  ModuleWindow.cpp
  ModuleUI.cpp
c:\users\guillemcm3\desktop\commando v0.48+enemies\moduleui.cpp(35): warning C4305: '=': truncation from 'double' to 'float'
  ModuleTextures.cpp
  ModuleScene1.cpp
  ModuleSaveData.cpp
c:\users\guillemcm3\desktop\commando v0.48+enemies\modulesavedata.cpp(37): warning C4018: '<': signed/unsigned mismatch
c:\users\guillemcm3\desktop\commando v0.48+enemies\modulesavedata.cpp(39): warning C4018: '<': signed/unsigned mismatch
  ModuleRender.cpp
  ModulePlayer.cpp
c:\users\guillemcm3\desktop\commando v0.48+enemies\moduleplayer.cpp(59): warning C4305: '=': truncation from 'double' to 'float'
c:\users\guillemcm3\desktop\commando v0.48+enemies\moduleplayer.cpp(64): warning C4305: '=': truncation from 'double' to 'float'
  ModuleParticlesGrenade1.cpp
c:\users\guillemcm3\desktop\commando v0.48+enemies\moduleparticlesgrenade1.cpp(19): warning C4305: '=': truncation from 'double' to 'float'
c:\users\guillemcm3\desktop\commando v0.48+enemies\moduleparticlesgrenade1.cpp(23): warning C4305: '=': truncation from 'double' to 'float'
  ModuleParticlesGrenade.cpp
c:\users\guillemcm3\desktop\commando v0.48+enemies\moduleparticlesgrenade.cpp(19): warning C4305: '=': truncation from 'double' to 'float'
  ModuleParticlesEnemies.cpp
c:\users\guillemcm3\desktop\commando v0.48+enemies\moduleparticlesenemies.cpp(88): warning C4244: 'argument': conversion from 'float' to 'int', possible loss of data
c:\users\guillemcm3\desktop\commando v0.48+enemies\moduleparticlesenemies.cpp(110): warning C4244: '=': conversion from 'int' to 'float', possible loss of data
c:\users\guillemcm3\desktop\commando v0.48+enemies\moduleparticlesenemies.cpp(111): warning C4244: '=': conversion from 'int' to 'float', possible loss of data
c:\users\guillemcm3\desktop\commando v0.48+enemies\moduleparticlesenemies.cpp(130): warning C4244: 'argument': conversion from 'float' to 'int', possible loss of data
c:\users\guillemcm3\desktop\commando v0.48+enemies\moduleparticlesenemies.cpp(167): warning C4244: 'argument': conversion from 'float' to 'int', possible loss of data
c:\users\guillemcm3\desktop\commando v0.48+enemies\moduleparticlesenemies.cpp(171): warning C4244: 'argument': conversion from 'float' to 'int', possible loss of data
c:\users\guillemcm3\desktop\commando v0.48+enemies\moduleparticlesenemies.cpp(186): warning C4244: 'argument': conversion from 'float' to 'int', possible loss of data
  ModuleParticles.cpp
  ModuleMenu.cpp
  Generating Code...
  Compiling...
  ModuleInput.cpp
  ModuleFonts.cpp
c:\users\guillemcm3\desktop\commando v0.48+enemies\modulefonts.cpp(55): warning C4018: '<': signed/unsigned mismatch
c:\users\guillemcm3\desktop\commando v0.48+enemies\modulefonts.cpp(125): warning C4018: '<': signed/unsigned mismatch
  ModuleFadeToBlack.cpp
  ModuleEnemies.cpp
  ModuleCollision.cpp
  ModuleCinematic.cpp
c:\users\guillemcm3\desktop\commando v0.48+enemies\modulecinematic.cpp(156): warning C4804: '<': unsafe use of type 'bool' in operation
  ModuleAudio.cpp
  Main.cpp
c:\users\guillemcm3\desktop\commando v0.48+enemies\main.cpp(29): warning C4244: 'argument': conversion from 'time_t' to 'unsigned int', possible loss of data
  Globals.cpp
  Enemy.cpp
  Crazy_Green.cpp
  Application.cpp
  Generating Code...
  SDL Game.vcxproj -> C:\Users\guillemcm3\Desktop\Commando v0.48+enemies\Debug\SDL5 Handout.exe
  SDL Game.vcxproj -> C:\Users\guillemcm3\Desktop\Commando v0.48+enemies\Debug\SDL5 Handout.pdb (Full PDB)
