  ModuleScene1.cpp
  ModulePlayer.cpp
c:\users\perso\desktop\gets-name-\game versions\commando v0.46\moduleplayer.cpp(60): warning C4305: '=': truncamiento de 'double' a 'float'
c:\users\perso\desktop\gets-name-\game versions\commando v0.46\moduleplayer.cpp(65): warning C4305: '=': truncamiento de 'double' a 'float'
  Generando código...
  Compilando...
  Soldier_Rifle.cpp
c:\users\perso\desktop\gets-name-\game versions\commando v0.46\soldier_rifle.cpp(61): warning C4244: '=': conversión de 'int' a 'float'; posible pérdida de datos
c:\users\perso\desktop\gets-name-\game versions\commando v0.46\soldier_rifle.cpp(62): warning C4244: '=': conversión de 'int' a 'float'; posible pérdida de datos
c:\users\perso\desktop\gets-name-\game versions\commando v0.46\soldier_rifle.cpp(64): warning C4244: '=': conversión de 'double' a 'float'; posible pérdida de datos
  SoldierPrisoner.cpp
c:\users\perso\desktop\gets-name-\game versions\commando v0.46\soldierprisoner.cpp(26): warning C4553: '==': el operador no tiene efecto; ¿ha pensado en '='?
  PrisonerPoints.cpp
c:\users\perso\desktop\gets-name-\game versions\commando v0.46\prisonerpoints.cpp(30): warning C4553: '==': el operador no tiene efecto; ¿ha pensado en '='?
  ModuleUI.cpp
  ModuleRender.cpp
  ModuleMenu.cpp
  ModuleFadeToBlack.cpp
  ModuleCinematic.cpp
c:\users\perso\desktop\gets-name-\game versions\commando v0.46\modulecinematic.cpp(148): warning C4804: '<': uso no seguro del tipo 'bool' en la operación
  Application.cpp
  Generando código...
  Omitiendo... (no se detectaron cambios relevantes)
  Soldier_Shield.cpp
  ModuleParticlesGrenade1.cpp
  ModuleParticlesGrenade.cpp
  ModuleParticlesEnemies.cpp
  ModuleParticles.cpp
  ModuleEND.cpp
  SDL Game.vcxproj -> C:\Users\perso\Desktop\gets-name-\Game versions\Commando v0.46\Debug\SDL5 Handout.exe
  SDL Game.vcxproj -> C:\Users\perso\Desktop\gets-name-\Game versions\Commando v0.46\Debug\SDL5 Handout.pdb (Full PDB)
